<?xml version="1.0" encoding="UTF-8"?>
<testsuite xmlns:xsi="http://www.w3.org/2001/XMLSchema-instance" xsi:noNamespaceSchemaLocation="https://maven.apache.org/surefire/maven-surefire-plugin/xsd/surefire-test-report-3.0.xsd" version="3.0" name="com.cab302.javafxreadingdemo.model.PasswordHashTest" time="0.913" tests="6" errors="0" skipped="0" failures="0">
  <properties>
[...]
</properties>
  <testcase name="costFactorEmbeddedInHash_isWhatWeAskedFor" classname="com.cab302.javafxreadingdemo.model.PasswordHashTest" time="0.434"/>
  <testcase name="hashIsSalted_eachHashIsDifferent" classname="com.cab302.javafxreadingdemo.model.PasswordHashTest" time="0.21"/>
  <testcase name="correctPasswordMatchesHash_wrongPasswordDoesNot" classname="com.cab302.javafxreadingdemo.model.PasswordHashTest" time="0.155"/>
  <testcase name="hashHasBcryptFormat" classname="com.cab302.javafxreadingdemo.model.PasswordHashTest" time="0.052"/>
  <testcase name="malformedHash_throwsIllegalArgumentException" classname="com.cab302.javafxreadingdemo.model.PasswordHashTest" time="0.001"/>
  <testcase name="hashIsNotRaw" classname="com.cab302.javafxreadingdemo.model.PasswordHashTest" time="0.052"/>
</testsuite>